Temp/gradleOut/launcher/build/intermediates/manifest_merge_blame_file/release/manifest-merger-blame-release-report.txt
1<?xml version="1.0" encoding="utf-8"?>
2<!-- GENERATED BY UNITY. REMOVE THIS COMMENT TO PREVENT OVERWRITING WHEN EXPORTING AGAIN -->
3<manifest xmlns:android="http://schemas.android.com/apk/res/android"
4    package="com.DefaultCompany.ARDrone"
5    android:installLocation="preferExternal"
6    android:versionCode="1"
7    android:versionName="0.1" >
8
9    <uses-sdk
10        android:minSdkVersion="24"
10-->src\main\AndroidManifest.xml
11        android:targetSdkVersion="30" />
11-->src\main\AndroidManifest.xml
12
13    <supports-screens
13-->src\main\AndroidManifest.xml:4:3-163
14        android:anyDensity="true"
14-->src\main\AndroidManifest.xml:4:135-160
15        android:largeScreens="true"
15-->src\main\AndroidManifest.xml:4:78-105
16        android:normalScreens="true"
16-->src\main\AndroidManifest.xml:4:49-77
17        android:smallScreens="true"
17-->src\main\AndroidManifest.xml:4:21-48
18        android:xlargeScreens="true" />
18-->src\main\AndroidManifest.xml:4:106-134
19
20    <uses-feature android:glEsVersion="0x00030000" />
20-->[:unityLibrary] AndroidManifest.xml:13:5-54
20-->[:unityLibrary] AndroidManifest.xml:13:19-51
21
22    <uses-permission android:name="android.permission.INTERNET" />
22-->[:unityLibrary] AndroidManifest.xml:15:5-67
22-->[:unityLibrary] AndroidManifest.xml:15:22-64
23
24    <uses-feature
24-->[:unityLibrary] AndroidManifest.xml:17:5-19:36
25        android:name="android.hardware.touchscreen"
25-->[:unityLibrary] AndroidManifest.xml:18:9-52
26        android:required="false" />
26-->[:unityLibrary] AndroidManifest.xml:19:9-33
27    <uses-feature
27-->[:unityLibrary] AndroidManifest.xml:20:5-22:36
28        android:name="android.hardware.touchscreen.multitouch"
28-->[:unityLibrary] AndroidManifest.xml:21:9-63
29        android:required="false" />
29-->[:unityLibrary] AndroidManifest.xml:22:9-33
30    <uses-feature
30-->[:unityLibrary] AndroidManifest.xml:23:5-25:36
31        android:name="android.hardware.touchscreen.multitouch.distinct"
31-->[:unityLibrary] AndroidManifest.xml:24:9-72
32        android:required="false" />
32-->[:unityLibrary] AndroidManifest.xml:25:9-33
33
34    <uses-permission android:name="android.permission.CAMERA" />
34-->[:unityLibrary] AndroidManifest.xml:27:5-65
34-->[:unityLibrary] AndroidManifest.xml:27:22-62
35
36    <queries>
36-->[:arcore_client:] AndroidManifest.xml:29:5-31:15
37        <package android:name="com.google.ar.core" />
37-->[:arcore_client:] AndroidManifest.xml:30:9-54
37-->[:arcore_client:] AndroidManifest.xml:30:18-51
38    </queries>
39
40    <application
40-->src\main\AndroidManifest.xml:5:3-116
41        android:extractNativeLibs="true"
41-->src\main\AndroidManifest.xml:5:16-48
42        android:icon="@mipmap/app_icon"
42-->src\main\AndroidManifest.xml:5:82-113
43        android:label="@string/app_name" >
43-->src\main\AndroidManifest.xml:5:49-81
44        <activity
44-->[:unityLibrary] AndroidManifest.xml:30:9-50:20
45            android:name="com.unity3d.player.UnityPlayerActivity"
45-->[:unityLibrary] AndroidManifest.xml:31:13-66
46            android:configChanges="mcc|mnc|locale|touchscreen|keyboard|keyboardHidden|navigation|orientation|screenLayout|uiMode|screenSize|smallestScreenSize|fontScale|layoutDirection|density"
46-->[:unityLibrary] AndroidManifest.xml:32:13-194
47            android:hardwareAccelerated="false"
47-->[:unityLibrary] AndroidManifest.xml:33:13-48
48            android:launchMode="singleTask"
48-->[:unityLibrary] AndroidManifest.xml:34:13-44
49            android:resizeableActivity="false"
49-->[:unityLibrary] AndroidManifest.xml:35:13-47
50            android:screenOrientation="fullSensor"
50-->[:unityLibrary] AndroidManifest.xml:36:13-51
51            android:theme="@style/UnityThemeSelector" >
51-->[:unityLibrary] AndroidManifest.xml:37:13-54
52            <intent-filter>
52-->[:unityLibrary] AndroidManifest.xml:38:13-42:29
53                <action android:name="android.intent.action.MAIN" />
53-->[:unityLibrary] AndroidManifest.xml:39:17-69
53-->[:unityLibrary] AndroidManifest.xml:39:25-66
54
55                <category android:name="android.intent.category.LAUNCHER" />
55-->[:unityLibrary] AndroidManifest.xml:41:17-77
55-->[:unityLibrary] AndroidManifest.xml:41:27-74
56            </intent-filter>
57
58            <meta-data
58-->[:unityLibrary] AndroidManifest.xml:44:13-46:40
59                android:name="unityplayer.UnityActivity"
59-->[:unityLibrary] AndroidManifest.xml:45:17-57
60                android:value="true" />
60-->[:unityLibrary] AndroidManifest.xml:46:17-37
61            <meta-data
61-->[:unityLibrary] AndroidManifest.xml:47:13-49:40
62                android:name="android.notch_support"
62-->[:unityLibrary] AndroidManifest.xml:48:17-53
63                android:value="true" />
63-->[:unityLibrary] AndroidManifest.xml:49:17-37
64        </activity>
65
66        <meta-data
66-->[:unityLibrary] AndroidManifest.xml:52:9-54:33
67            android:name="unity.splash-mode"
67-->[:unityLibrary] AndroidManifest.xml:53:13-45
68            android:value="0" />
68-->[:unityLibrary] AndroidManifest.xml:54:13-30
69        <meta-data
69-->[:unityLibrary] AndroidManifest.xml:55:9-57:36
70            android:name="unity.splash-enable"
70-->[:unityLibrary] AndroidManifest.xml:56:13-47
71            android:value="True" />
71-->[:unityLibrary] AndroidManifest.xml:57:13-33
72        <meta-data
72-->[:unityLibrary] AndroidManifest.xml:58:9-60:37
73            android:name="unity.allow-resizable-window"
73-->[:unityLibrary] AndroidManifest.xml:59:13-56
74            android:value="False" />
74-->[:unityLibrary] AndroidManifest.xml:60:13-34
75        <meta-data
75-->[:unityLibrary] AndroidManifest.xml:61:9-63:50
76            android:name="notch.config"
76-->[:unityLibrary] AndroidManifest.xml:62:13-40
77            android:value="portrait|landscape" />
77-->[:unityLibrary] AndroidManifest.xml:63:13-47
78        <meta-data
78-->[:unityLibrary] AndroidManifest.xml:64:9-66:68
79            android:name="unity.build-id"
79-->[:unityLibrary] AndroidManifest.xml:65:13-42
80            android:value="fca2af71-1c91-4805-9d69-afb52d993f11" />
80-->[:unityLibrary] AndroidManifest.xml:66:13-65
81        <meta-data
81-->[:unityLibrary] AndroidManifest.xml:67:9-69:36
82            android:name="unityplayer.SkipPermissionsDialog"
82-->[:unityLibrary] AndroidManifest.xml:68:13-61
83            android:value="true" />
83-->[:unityLibrary] AndroidManifest.xml:69:13-33
84        <meta-data
84-->[:unityLibrary] AndroidManifest.xml:70:9-72:40
85            android:name="com.google.ar.core"
85-->[:unityLibrary] AndroidManifest.xml:71:13-46
86            android:value="optional" /> <!-- The minimal version code of ARCore APK required for an app using this SDK. -->
86-->[:unityLibrary] AndroidManifest.xml:72:13-37
87        <meta-data
87-->[:arcore_client:] AndroidManifest.xml:36:9-38:41
88            android:name="com.google.ar.core.min_apk_version"
88-->[:arcore_client:] AndroidManifest.xml:37:13-62
89            android:value="202940000" /> <!-- This activity is critical for installing ARCore when it is not already present. -->
89-->[:arcore_client:] AndroidManifest.xml:38:13-38
90        <activity
90-->[:arcore_client:] AndroidManifest.xml:40:9-46:80
91            android:name="com.google.ar.core.InstallActivity"
91-->[:arcore_client:] AndroidManifest.xml:41:13-62
92            android:configChanges="keyboardHidden|orientation|screenSize"
92-->[:arcore_client:] AndroidManifest.xml:42:13-74
93            android:excludeFromRecents="true"
93-->[:arcore_client:] AndroidManifest.xml:43:13-46
94            android:exported="false"
94-->[:arcore_client:] AndroidManifest.xml:44:13-37
95            android:launchMode="singleTop"
95-->[:arcore_client:] AndroidManifest.xml:45:13-43
96            android:theme="@android:style/Theme.Material.Light.Dialog.Alert" />
96-->[:arcore_client:] AndroidManifest.xml:46:13-77
97    </application>
98
99</manifest>